
*** Running vivado
    with args -log ceng2010_lab2_q1.vds -m64 -product Vivado -mode batch -messageDb vivado.pb -notrace -source ceng2010_lab2_q1.tcl


ECHO is off.
ECHO is off.

****** Vivado v2023.1 (64-bit)
  **** SW Build 3865809 on Sun May  7 15:05:29 MDT 2023
  **** IP Build 3864474 on Sun May  7 20:36:21 MDT 2023
  **** SharedData Build 3865790 on Sun May 07 13:33:03 MDT 2023
    ** Copyright 1986-2022 Xilinx, Inc. All Rights Reserved.
    ** Copyright 2022-2023 Advanced Micro Devices, Inc. All Rights Reserved.

source ceng2010_lab2_q1.tcl -notrace
Command: synth_design -top ceng2010_lab2_q1 -part xc7a35tcpg236-1
Starting synth_design
Attempting to get a license for feature 'Synthesis' and/or device 'xc7a35t'
INFO: [Common 17-349] Got license for feature 'Synthesis' and/or device 'xc7a35t'
INFO: [Device 21-403] Loading part xc7a35tcpg236-1
INFO: [Synth 8-7079] Multithreading enabled for synth_design using a maximum of 2 processes.
INFO: [Synth 8-7078] Launching helper process for spawning children vivado processes
INFO: [Synth 8-7075] Helper process launched with PID 17864
---------------------------------------------------------------------------------
Starting RTL Elaboration : Time (s): cpu = 00:00:02 ; elapsed = 00:00:03 . Memory (MB): peak = 1271.355 ; gain = 411.164
---------------------------------------------------------------------------------
INFO: [Synth 8-638] synthesizing module 'ceng2010_lab2_q1' [C:/Users/Student/Desktop/ceng2010/ceng2010_lab2_q1/ceng2010_lab2_q1.srcs/sources_1/new/ceng2010_lab2_q1.vhd:40]
INFO: [Synth 8-256] done synthesizing module 'ceng2010_lab2_q1' (0#1) [C:/Users/Student/Desktop/ceng2010/ceng2010_lab2_q1/ceng2010_lab2_q1.srcs/sources_1/new/ceng2010_lab2_q1.vhd:40]
---------------------------------------------------------------------------------
Finished RTL Elaboration : Time (s): cpu = 00:00:03 ; elapsed = 00:00:04 . Memory (MB): peak = 1360.773 ; gain = 500.582
---------------------------------------------------------------------------------
---------------------------------------------------------------------------------
Start Handling Custom Attributes
---------------------------------------------------------------------------------
---------------------------------------------------------------------------------
Finished Handling Custom Attributes : Time (s): cpu = 00:00:03 ; elapsed = 00:00:04 . Memory (MB): peak = 1360.773 ; gain = 500.582
---------------------------------------------------------------------------------
---------------------------------------------------------------------------------
Finished RTL Optimization Phase 1 : Time (s): cpu = 00:00:03 ; elapsed = 00:00:04 . Memory (MB): peak = 1360.773 ; gain = 500.582
---------------------------------------------------------------------------------
Netlist sorting complete. Time (s): cpu = 00:00:00 ; elapsed = 00:00:00 . Memory (MB): peak = 1360.773 ; gain = 0.000
INFO: [Project 1-570] Preparing netlist for logic optimization

Processing XDC Constraints
Initializing timing engine
Parsing XDC File [C:/Users/Student/Desktop/ceng2010/ceng2010_lab2_q1/ceng2010_lab2_q1.srcs/constrs_1/new/ceng2010_lab2_q1.xdc]
CRITICAL WARNING: [Netlist 29-177] Cannot set property 'BITSTREAM.General.UnconstraintedPins' because the property does not exist. [C:/Users/Student/Desktop/ceng2010/ceng2010_lab2_q1/ceng2010_lab2_q1.srcs/constrs_1/new/ceng2010_lab2_q1.xdc:12]
Resolution: Create this property using create_property command before setting it.
WARNING: [Vivado 12-507] No nets matched 'led_OBUF[0]'. [C:/Users/Student/Desktop/ceng2010/ceng2010_lab2_q1/ceng2010_lab2_q1.srcs/constrs_1/new/ceng2010_lab2_q1.xdc:14]
CRITICAL WARNING: [Common 17-55] 'set_property' expects at least one object. [C:/Users/Student/Desktop/ceng2010/ceng2010_lab2_q1/ceng2010_lab2_q1.srcs/constrs_1/new/ceng2010_lab2_q1.xdc:14]
Resolution: If [get_<value>] was used to populate the object, check to make sure this command returns at least one valid object.
WARNING: [Vivado 12-507] No nets matched 'led_OBUF[1]'. [C:/Users/Student/Desktop/ceng2010/ceng2010_lab2_q1/ceng2010_lab2_q1.srcs/constrs_1/new/ceng2010_lab2_q1.xdc:15]
CRITICAL WARNING: [Common 17-55] 'set_property' expects at least one object. [C:/Users/Student/Desktop/ceng2010/ceng2010_lab2_q1/ceng2010_lab2_q1.srcs/constrs_1/new/ceng2010_lab2_q1.xdc:15]
Resolution: If [get_<value>] was used to populate the object, check to make sure this command returns at least one valid object.
WARNING: [Vivado 12-507] No nets matched 'btnC_IBUF'. [C:/Users/Student/Desktop/ceng2010/ceng2010_lab2_q1/ceng2010_lab2_q1.srcs/constrs_1/new/ceng2010_lab2_q1.xdc:17]
CRITICAL WARNING: [Common 17-55] 'set_property' expects at least one object. [C:/Users/Student/Desktop/ceng2010/ceng2010_lab2_q1/ceng2010_lab2_q1.srcs/constrs_1/new/ceng2010_lab2_q1.xdc:17]
Resolution: If [get_<value>] was used to populate the object, check to make sure this command returns at least one valid object.
WARNING: [Vivado 12-507] No nets matched 'sw_IBUF[0]'. [C:/Users/Student/Desktop/ceng2010/ceng2010_lab2_q1/ceng2010_lab2_q1.srcs/constrs_1/new/ceng2010_lab2_q1.xdc:18]
CRITICAL WARNING: [Common 17-55] 'set_property' expects at least one object. [C:/Users/Student/Desktop/ceng2010/ceng2010_lab2_q1/ceng2010_lab2_q1.srcs/constrs_1/new/ceng2010_lab2_q1.xdc:18]
Resolution: If [get_<value>] was used to populate the object, check to make sure this command returns at least one valid object.
WARNING: [Vivado 12-507] No nets matched 'sw_IBUF[1]'. [C:/Users/Student/Desktop/ceng2010/ceng2010_lab2_q1/ceng2010_lab2_q1.srcs/constrs_1/new/ceng2010_lab2_q1.xdc:19]
CRITICAL WARNING: [Common 17-55] 'set_property' expects at least one object. [C:/Users/Student/Desktop/ceng2010/ceng2010_lab2_q1/ceng2010_lab2_q1.srcs/constrs_1/new/ceng2010_lab2_q1.xdc:19]
Resolution: If [get_<value>] was used to populate the object, check to make sure this command returns at least one valid object.
WARNING: [Vivado 12-507] No nets matched 'sw_IBUF[2]'. [C:/Users/Student/Desktop/ceng2010/ceng2010_lab2_q1/ceng2010_lab2_q1.srcs/constrs_1/new/ceng2010_lab2_q1.xdc:20]
CRITICAL WARNING: [Common 17-55] 'set_property' expects at least one object. [C:/Users/Student/Desktop/ceng2010/ceng2010_lab2_q1/ceng2010_lab2_q1.srcs/constrs_1/new/ceng2010_lab2_q1.xdc:20]
Resolution: If [get_<value>] was used to populate the object, check to make sure this command returns at least one valid object.
WARNING: [Vivado 12-507] No nets matched 'sw_IBUF[3]'. [C:/Users/Student/Desktop/ceng2010/ceng2010_lab2_q1/ceng2010_lab2_q1.srcs/constrs_1/new/ceng2010_lab2_q1.xdc:21]
CRITICAL WARNING: [Common 17-55] 'set_property' expects at least one object. [C:/Users/Student/Desktop/ceng2010/ceng2010_lab2_q1/ceng2010_lab2_q1.srcs/constrs_1/new/ceng2010_lab2_q1.xdc:21]
Resolution: If [get_<value>] was used to populate the object, check to make sure this command returns at least one valid object.
WARNING: [Vivado 12-584] No ports matched 'sw[6]'. [C:/Users/Student/Desktop/ceng2010/ceng2010_lab2_q1/ceng2010_lab2_q1.srcs/constrs_1/new/ceng2010_lab2_q1.xdc:36]
CRITICAL WARNING: [Common 17-55] 'set_property' expects at least one object. [C:/Users/Student/Desktop/ceng2010/ceng2010_lab2_q1/ceng2010_lab2_q1.srcs/constrs_1/new/ceng2010_lab2_q1.xdc:36]
Resolution: If [get_<value>] was used to populate the object, check to make sure this command returns at least one valid object.
WARNING: [Vivado 12-584] No ports matched 'sw[6]'. [C:/Users/Student/Desktop/ceng2010/ceng2010_lab2_q1/ceng2010_lab2_q1.srcs/constrs_1/new/ceng2010_lab2_q1.xdc:37]
CRITICAL WARNING: [Common 17-55] 'set_property' expects at least one object. [C:/Users/Student/Desktop/ceng2010/ceng2010_lab2_q1/ceng2010_lab2_q1.srcs/constrs_1/new/ceng2010_lab2_q1.xdc:37]
Resolution: If [get_<value>] was used to populate the object, check to make sure this command returns at least one valid object.
WARNING: [Vivado 12-584] No ports matched 'sw[7]'. [C:/Users/Student/Desktop/ceng2010/ceng2010_lab2_q1/ceng2010_lab2_q1.srcs/constrs_1/new/ceng2010_lab2_q1.xdc:38]
CRITICAL WARNING: [Common 17-55] 'set_property' expects at least one object. [C:/Users/Student/Desktop/ceng2010/ceng2010_lab2_q1/ceng2010_lab2_q1.srcs/constrs_1/new/ceng2010_lab2_q1.xdc:38]
Resolution: If [get_<value>] was used to populate the object, check to make sure this command returns at least one valid object.
WARNING: [Vivado 12-584] No ports matched 'sw[7]'. [C:/Users/Student/Desktop/ceng2010/ceng2010_lab2_q1/ceng2010_lab2_q1.srcs/constrs_1/new/ceng2010_lab2_q1.xdc:39]
CRITICAL WARNING: [Common 17-55] 'set_property' expects at least one object. [C:/Users/Student/Desktop/ceng2010/ceng2010_lab2_q1/ceng2010_lab2_q1.srcs/constrs_1/new/ceng2010_lab2_q1.xdc:39]
Resolution: If [get_<value>] was used to populate the object, check to make sure this command returns at least one valid object.
WARNING: [Vivado 12-584] No ports matched 'led[1]'. [C:/Users/Student/Desktop/ceng2010/ceng2010_lab2_q1/ceng2010_lab2_q1.srcs/constrs_1/new/ceng2010_lab2_q1.xdc:61]
CRITICAL WARNING: [Common 17-55] 'set_property' expects at least one object. [C:/Users/Student/Desktop/ceng2010/ceng2010_lab2_q1/ceng2010_lab2_q1.srcs/constrs_1/new/ceng2010_lab2_q1.xdc:61]
Resolution: If [get_<value>] was used to populate the object, check to make sure this command returns at least one valid object.
WARNING: [Vivado 12-584] No ports matched 'led[1]'. [C:/Users/Student/Desktop/ceng2010/ceng2010_lab2_q1/ceng2010_lab2_q1.srcs/constrs_1/new/ceng2010_lab2_q1.xdc:62]
CRITICAL WARNING: [Common 17-55] 'set_property' expects at least one object. [C:/Users/Student/Desktop/ceng2010/ceng2010_lab2_q1/ceng2010_lab2_q1.srcs/constrs_1/new/ceng2010_lab2_q1.xdc:62]
Resolution: If [get_<value>] was used to populate the object, check to make sure this command returns at least one valid object.
WARNING: [Vivado 12-584] No ports matched 'led[2]'. [C:/Users/Student/Desktop/ceng2010/ceng2010_lab2_q1/ceng2010_lab2_q1.srcs/constrs_1/new/ceng2010_lab2_q1.xdc:63]
CRITICAL WARNING: [Common 17-55] 'set_property' expects at least one object. [C:/Users/Student/Desktop/ceng2010/ceng2010_lab2_q1/ceng2010_lab2_q1.srcs/constrs_1/new/ceng2010_lab2_q1.xdc:63]
Resolution: If [get_<value>] was used to populate the object, check to make sure this command returns at least one valid object.
WARNING: [Vivado 12-584] No ports matched 'led[2]'. [C:/Users/Student/Desktop/ceng2010/ceng2010_lab2_q1/ceng2010_lab2_q1.srcs/constrs_1/new/ceng2010_lab2_q1.xdc:64]
CRITICAL WARNING: [Common 17-55] 'set_property' expects at least one object. [C:/Users/Student/Desktop/ceng2010/ceng2010_lab2_q1/ceng2010_lab2_q1.srcs/constrs_1/new/ceng2010_lab2_q1.xdc:64]
Resolution: If [get_<value>] was used to populate the object, check to make sure this command returns at least one valid object.
WARNING: [Vivado 12-584] No ports matched 'led[3]'. [C:/Users/Student/Desktop/ceng2010/ceng2010_lab2_q1/ceng2010_lab2_q1.srcs/constrs_1/new/ceng2010_lab2_q1.xdc:65]
CRITICAL WARNING: [Common 17-55] 'set_property' expects at least one object. [C:/Users/Student/Desktop/ceng2010/ceng2010_lab2_q1/ceng2010_lab2_q1.srcs/constrs_1/new/ceng2010_lab2_q1.xdc:65]
Resolution: If [get_<value>] was used to populate the object, check to make sure this command returns at least one valid object.
WARNING: [Vivado 12-584] No ports matched 'led[3]'. [C:/Users/Student/Desktop/ceng2010/ceng2010_lab2_q1/ceng2010_lab2_q1.srcs/constrs_1/new/ceng2010_lab2_q1.xdc:66]
CRITICAL WARNING: [Common 17-55] 'set_property' expects at least one object. [C:/Users/Student/Desktop/ceng2010/ceng2010_lab2_q1/ceng2010_lab2_q1.srcs/constrs_1/new/ceng2010_lab2_q1.xdc:66]
Resolution: If [get_<value>] was used to populate the object, check to make sure this command returns at least one valid object.
WARNING: [Vivado 12-584] No ports matched 'led[4]'. [C:/Users/Student/Desktop/ceng2010/ceng2010_lab2_q1/ceng2010_lab2_q1.srcs/constrs_1/new/ceng2010_lab2_q1.xdc:67]
CRITICAL WARNING: [Common 17-55] 'set_property' expects at least one object. [C:/Users/Student/Desktop/ceng2010/ceng2010_lab2_q1/ceng2010_lab2_q1.srcs/constrs_1/new/ceng2010_lab2_q1.xdc:67]
Resolution: If [get_<value>] was used to populate the object, check to make sure this command returns at least one valid object.
WARNING: [Vivado 12-584] No ports matched 'led[4]'. [C:/Users/Student/Desktop/ceng2010/ceng2010_lab2_q1/ceng2010_lab2_q1.srcs/constrs_1/new/ceng2010_lab2_q1.xdc:68]
CRITICAL WARNING: [Common 17-55] 'set_property' expects at least one object. [C:/Users/Student/Desktop/ceng2010/ceng2010_lab2_q1/ceng2010_lab2_q1.srcs/constrs_1/new/ceng2010_lab2_q1.xdc:68]
Resolution: If [get_<value>] was used to populate the object, check to make sure this command returns at least one valid object.
WARNING: [Vivado 12-584] No ports matched 'led[5]'. [C:/Users/Student/Desktop/ceng2010/ceng2010_lab2_q1/ceng2010_lab2_q1.srcs/constrs_1/new/ceng2010_lab2_q1.xdc:69]
CRITICAL WARNING: [Common 17-55] 'set_property' expects at least one object. [C:/Users/Student/Desktop/ceng2010/ceng2010_lab2_q1/ceng2010_lab2_q1.srcs/constrs_1/new/ceng2010_lab2_q1.xdc:69]
Resolution: If [get_<value>] was used to populate the object, check to make sure this command returns at least one valid object.
WARNING: [Vivado 12-584] No ports matched 'led[5]'. [C:/Users/Student/Desktop/ceng2010/ceng2010_lab2_q1/ceng2010_lab2_q1.srcs/constrs_1/new/ceng2010_lab2_q1.xdc:70]
CRITICAL WARNING: [Common 17-55] 'set_property' expects at least one object. [C:/Users/Student/Desktop/ceng2010/ceng2010_lab2_q1/ceng2010_lab2_q1.srcs/constrs_1/new/ceng2010_lab2_q1.xdc:70]
Resolution: If [get_<value>] was used to populate the object, check to make sure this command returns at least one valid object.
WARNING: [Vivado 12-584] No ports matched 'led[6]'. [C:/Users/Student/Desktop/ceng2010/ceng2010_lab2_q1/ceng2010_lab2_q1.srcs/constrs_1/new/ceng2010_lab2_q1.xdc:71]
CRITICAL WARNING: [Common 17-55] 'set_property' expects at least one object. [C:/Users/Student/Desktop/ceng2010/ceng2010_lab2_q1/ceng2010_lab2_q1.srcs/constrs_1/new/ceng2010_lab2_q1.xdc:71]
Resolution: If [get_<value>] was used to populate the object, check to make sure this command returns at least one valid object.
WARNING: [Vivado 12-584] No ports matched 'led[6]'. [C:/Users/Student/Desktop/ceng2010/ceng2010_lab2_q1/ceng2010_lab2_q1.srcs/constrs_1/new/ceng2010_lab2_q1.xdc:72]
CRITICAL WARNING: [Common 17-55] 'set_property' expects at least one object. [C:/Users/Student/Desktop/ceng2010/ceng2010_lab2_q1/ceng2010_lab2_q1.srcs/constrs_1/new/ceng2010_lab2_q1.xdc:72]
Resolution: If [get_<value>] was used to populate the object, check to make sure this command returns at least one valid object.
WARNING: [Vivado 12-584] No ports matched 'led[7]'. [C:/Users/Student/Desktop/ceng2010/ceng2010_lab2_q1/ceng2010_lab2_q1.srcs/constrs_1/new/ceng2010_lab2_q1.xdc:73]
CRITICAL WARNING: [Common 17-55] 'set_property' expects at least one object. [C:/Users/Student/Desktop/ceng2010/ceng2010_lab2_q1/ceng2010_lab2_q1.srcs/constrs_1/new/ceng2010_lab2_q1.xdc:73]
Resolution: If [get_<value>] was used to populate the object, check to make sure this command returns at least one valid object.
WARNING: [Vivado 12-584] No ports matched 'led[7]'. [C:/Users/Student/Desktop/ceng2010/ceng2010_lab2_q1/ceng2010_lab2_q1.srcs/constrs_1/new/ceng2010_lab2_q1.xdc:74]
CRITICAL WARNING: [Common 17-55] 'set_property' expects at least one object. [C:/Users/Student/Desktop/ceng2010/ceng2010_lab2_q1/ceng2010_lab2_q1.srcs/constrs_1/new/ceng2010_lab2_q1.xdc:74]
Resolution: If [get_<value>] was used to populate the object, check to make sure this command returns at least one valid object.
WARNING: [Vivado 12-584] No ports matched 'seg[0]'. [C:/Users/Student/Desktop/ceng2010/ceng2010_lab2_q1/ceng2010_lab2_q1.srcs/constrs_1/new/ceng2010_lab2_q1.xdc:94]
CRITICAL WARNING: [Common 17-55] 'set_property' expects at least one object. [C:/Users/Student/Desktop/ceng2010/ceng2010_lab2_q1/ceng2010_lab2_q1.srcs/constrs_1/new/ceng2010_lab2_q1.xdc:94]
Resolution: If [get_<value>] was used to populate the object, check to make sure this command returns at least one valid object.
WARNING: [Vivado 12-584] No ports matched 'seg[0]'. [C:/Users/Student/Desktop/ceng2010/ceng2010_lab2_q1/ceng2010_lab2_q1.srcs/constrs_1/new/ceng2010_lab2_q1.xdc:95]
CRITICAL WARNING: [Common 17-55] 'set_property' expects at least one object. [C:/Users/Student/Desktop/ceng2010/ceng2010_lab2_q1/ceng2010_lab2_q1.srcs/constrs_1/new/ceng2010_lab2_q1.xdc:95]
Resolution: If [get_<value>] was used to populate the object, check to make sure this command returns at least one valid object.
WARNING: [Vivado 12-584] No ports matched 'seg[1]'. [C:/Users/Student/Desktop/ceng2010/ceng2010_lab2_q1/ceng2010_lab2_q1.srcs/constrs_1/new/ceng2010_lab2_q1.xdc:96]
CRITICAL WARNING: [Common 17-55] 'set_property' expects at least one object. [C:/Users/Student/Desktop/ceng2010/ceng2010_lab2_q1/ceng2010_lab2_q1.srcs/constrs_1/new/ceng2010_lab2_q1.xdc:96]
Resolution: If [get_<value>] was used to populate the object, check to make sure this command returns at least one valid object.
WARNING: [Vivado 12-584] No ports matched 'seg[1]'. [C:/Users/Student/Desktop/ceng2010/ceng2010_lab2_q1/ceng2010_lab2_q1.srcs/constrs_1/new/ceng2010_lab2_q1.xdc:97]
CRITICAL WARNING: [Common 17-55] 'set_property' expects at least one object. [C:/Users/Student/Desktop/ceng2010/ceng2010_lab2_q1/ceng2010_lab2_q1.srcs/constrs_1/new/ceng2010_lab2_q1.xdc:97]
Resolution: If [get_<value>] was used to populate the object, check to make sure this command returns at least one valid object.
WARNING: [Vivado 12-584] No ports matched 'seg[2]'. [C:/Users/Student/Desktop/ceng2010/ceng2010_lab2_q1/ceng2010_lab2_q1.srcs/constrs_1/new/ceng2010_lab2_q1.xdc:98]
CRITICAL WARNING: [Common 17-55] 'set_property' expects at least one object. [C:/Users/Student/Desktop/ceng2010/ceng2010_lab2_q1/ceng2010_lab2_q1.srcs/constrs_1/new/ceng2010_lab2_q1.xdc:98]
Resolution: If [get_<value>] was used to populate the object, check to make sure this command returns at least one valid object.
WARNING: [Vivado 12-584] No ports matched 'seg[2]'. [C:/Users/Student/Desktop/ceng2010/ceng2010_lab2_q1/ceng2010_lab2_q1.srcs/constrs_1/new/ceng2010_lab2_q1.xdc:99]
CRITICAL WARNING: [Common 17-55] 'set_property' expects at least one object. [C:/Users/Student/Desktop/ceng2010/ceng2010_lab2_q1/ceng2010_lab2_q1.srcs/constrs_1/new/ceng2010_lab2_q1.xdc:99]
Resolution: If [get_<value>] was used to populate the object, check to make sure this command returns at least one valid object.
WARNING: [Vivado 12-584] No ports matched 'seg[3]'. [C:/Users/Student/Desktop/ceng2010/ceng2010_lab2_q1/ceng2010_lab2_q1.srcs/constrs_1/new/ceng2010_lab2_q1.xdc:100]
CRITICAL WARNING: [Common 17-55] 'set_property' expects at least one object. [C:/Users/Student/Desktop/ceng2010/ceng2010_lab2_q1/ceng2010_lab2_q1.srcs/constrs_1/new/ceng2010_lab2_q1.xdc:100]
Resolution: If [get_<value>] was used to populate the object, check to make sure this command returns at least one valid object.
WARNING: [Vivado 12-584] No ports matched 'seg[3]'. [C:/Users/Student/Desktop/ceng2010/ceng2010_lab2_q1/ceng2010_lab2_q1.srcs/constrs_1/new/ceng2010_lab2_q1.xdc:101]
CRITICAL WARNING: [Common 17-55] 'set_property' expects at least one object. [C:/Users/Student/Desktop/ceng2010/ceng2010_lab2_q1/ceng2010_lab2_q1.srcs/constrs_1/new/ceng2010_lab2_q1.xdc:101]
Resolution: If [get_<value>] was used to populate the object, check to make sure this command returns at least one valid object.
WARNING: [Vivado 12-584] No ports matched 'seg[4]'. [C:/Users/Student/Desktop/ceng2010/ceng2010_lab2_q1/ceng2010_lab2_q1.srcs/constrs_1/new/ceng2010_lab2_q1.xdc:102]
CRITICAL WARNING: [Common 17-55] 'set_property' expects at least one object. [C:/Users/Student/Desktop/ceng2010/ceng2010_lab2_q1/ceng2010_lab2_q1.srcs/constrs_1/new/ceng2010_lab2_q1.xdc:102]
Resolution: If [get_<value>] was used to populate the object, check to make sure this command returns at least one valid object.
WARNING: [Vivado 12-584] No ports matched 'seg[4]'. [C:/Users/Student/Desktop/ceng2010/ceng2010_lab2_q1/ceng2010_lab2_q1.srcs/constrs_1/new/ceng2010_lab2_q1.xdc:103]
CRITICAL WARNING: [Common 17-55] 'set_property' expects at least one object. [C:/Users/Student/Desktop/ceng2010/ceng2010_lab2_q1/ceng2010_lab2_q1.srcs/constrs_1/new/ceng2010_lab2_q1.xdc:103]
Resolution: If [get_<value>] was used to populate the object, check to make sure this command returns at least one valid object.
WARNING: [Vivado 12-584] No ports matched 'seg[5]'. [C:/Users/Student/Desktop/ceng2010/ceng2010_lab2_q1/ceng2010_lab2_q1.srcs/constrs_1/new/ceng2010_lab2_q1.xdc:104]
CRITICAL WARNING: [Common 17-55] 'set_property' expects at least one object. [C:/Users/Student/Desktop/ceng2010/ceng2010_lab2_q1/ceng2010_lab2_q1.srcs/constrs_1/new/ceng2010_lab2_q1.xdc:104]
Resolution: If [get_<value>] was used to populate the object, check to make sure this command returns at least one valid object.
WARNING: [Vivado 12-584] No ports matched 'seg[5]'. [C:/Users/Student/Desktop/ceng2010/ceng2010_lab2_q1/ceng2010_lab2_q1.srcs/constrs_1/new/ceng2010_lab2_q1.xdc:105]
CRITICAL WARNING: [Common 17-55] 'set_property' expects at least one object. [C:/Users/Student/Desktop/ceng2010/ceng2010_lab2_q1/ceng2010_lab2_q1.srcs/constrs_1/new/ceng2010_lab2_q1.xdc:105]
Resolution: If [get_<value>] was used to populate the object, check to make sure this command returns at least one valid object.
WARNING: [Vivado 12-584] No ports matched 'seg[6]'. [C:/Users/Student/Desktop/ceng2010/ceng2010_lab2_q1/ceng2010_lab2_q1.srcs/constrs_1/new/ceng2010_lab2_q1.xdc:106]
CRITICAL WARNING: [Common 17-55] 'set_property' expects at least one object. [C:/Users/Student/Desktop/ceng2010/ceng2010_lab2_q1/ceng2010_lab2_q1.srcs/constrs_1/new/ceng2010_lab2_q1.xdc:106]
Resolution: If [get_<value>] was used to populate the object, check to make sure this command returns at least one valid object.
WARNING: [Vivado 12-584] No ports matched 'seg[6]'. [C:/Users/Student/Desktop/ceng2010/ceng2010_lab2_q1/ceng2010_lab2_q1.srcs/constrs_1/new/ceng2010_lab2_q1.xdc:107]
CRITICAL WARNING: [Common 17-55] 'set_property' expects at least one object. [C:/Users/Student/Desktop/ceng2010/ceng2010_lab2_q1/ceng2010_lab2_q1.srcs/constrs_1/new/ceng2010_lab2_q1.xdc:107]
Resolution: If [get_<value>] was used to populate the object, check to make sure this command returns at least one valid object.
WARNING: [Vivado 12-584] No ports matched 'dp'. [C:/Users/Student/Desktop/ceng2010/ceng2010_lab2_q1/ceng2010_lab2_q1.srcs/constrs_1/new/ceng2010_lab2_q1.xdc:109]
CRITICAL WARNING: [Common 17-55] 'set_property' expects at least one object. [C:/Users/Student/Desktop/ceng2010/ceng2010_lab2_q1/ceng2010_lab2_q1.srcs/constrs_1/new/ceng2010_lab2_q1.xdc:109]
Resolution: If [get_<value>] was used to populate the object, check to make sure this command returns at least one valid object.
WARNING: [Vivado 12-584] No ports matched 'dp'. [C:/Users/Student/Desktop/ceng2010/ceng2010_lab2_q1/ceng2010_lab2_q1.srcs/constrs_1/new/ceng2010_lab2_q1.xdc:110]
CRITICAL WARNING: [Common 17-55] 'set_property' expects at least one object. [C:/Users/Student/Desktop/ceng2010/ceng2010_lab2_q1/ceng2010_lab2_q1.srcs/constrs_1/new/ceng2010_lab2_q1.xdc:110]
Resolution: If [get_<value>] was used to populate the object, check to make sure this command returns at least one valid object.
WARNING: [Vivado 12-584] No ports matched 'an[0]'. [C:/Users/Student/Desktop/ceng2010/ceng2010_lab2_q1/ceng2010_lab2_q1.srcs/constrs_1/new/ceng2010_lab2_q1.xdc:112]
CRITICAL WARNING: [Common 17-55] 'set_property' expects at least one object. [C:/Users/Student/Desktop/ceng2010/ceng2010_lab2_q1/ceng2010_lab2_q1.srcs/constrs_1/new/ceng2010_lab2_q1.xdc:112]
Resolution: If [get_<value>] was used to populate the object, check to make sure this command returns at least one valid object.
WARNING: [Vivado 12-584] No ports matched 'an[0]'. [C:/Users/Student/Desktop/ceng2010/ceng2010_lab2_q1/ceng2010_lab2_q1.srcs/constrs_1/new/ceng2010_lab2_q1.xdc:113]
CRITICAL WARNING: [Common 17-55] 'set_property' expects at least one object. [C:/Users/Student/Desktop/ceng2010/ceng2010_lab2_q1/ceng2010_lab2_q1.srcs/constrs_1/new/ceng2010_lab2_q1.xdc:113]
Resolution: If [get_<value>] was used to populate the object, check to make sure this command returns at least one valid object.
WARNING: [Vivado 12-584] No ports matched 'an[1]'. [C:/Users/Student/Desktop/ceng2010/ceng2010_lab2_q1/ceng2010_lab2_q1.srcs/constrs_1/new/ceng2010_lab2_q1.xdc:114]
CRITICAL WARNING: [Common 17-55] 'set_property' expects at least one object. [C:/Users/Student/Desktop/ceng2010/ceng2010_lab2_q1/ceng2010_lab2_q1.srcs/constrs_1/new/ceng2010_lab2_q1.xdc:114]
Resolution: If [get_<value>] was used to populate the object, check to make sure this command returns at least one valid object.
WARNING: [Vivado 12-584] No ports matched 'an[1]'. [C:/Users/Student/Desktop/ceng2010/ceng2010_lab2_q1/ceng2010_lab2_q1.srcs/constrs_1/new/ceng2010_lab2_q1.xdc:115]
CRITICAL WARNING: [Common 17-55] 'set_property' expects at least one object. [C:/Users/Student/Desktop/ceng2010/ceng2010_lab2_q1/ceng2010_lab2_q1.srcs/constrs_1/new/ceng2010_lab2_q1.xdc:115]
Resolution: If [get_<value>] was used to populate the object, check to make sure this command returns at least one valid object.
WARNING: [Vivado 12-584] No ports matched 'an[2]'. [C:/Users/Student/Desktop/ceng2010/ceng2010_lab2_q1/ceng2010_lab2_q1.srcs/constrs_1/new/ceng2010_lab2_q1.xdc:116]
CRITICAL WARNING: [Common 17-55] 'set_property' expects at least one object. [C:/Users/Student/Desktop/ceng2010/ceng2010_lab2_q1/ceng2010_lab2_q1.srcs/constrs_1/new/ceng2010_lab2_q1.xdc:116]
Resolution: If [get_<value>] was used to populate the object, check to make sure this command returns at least one valid object.
WARNING: [Vivado 12-584] No ports matched 'an[2]'. [C:/Users/Student/Desktop/ceng2010/ceng2010_lab2_q1/ceng2010_lab2_q1.srcs/constrs_1/new/ceng2010_lab2_q1.xdc:117]
CRITICAL WARNING: [Common 17-55] 'set_property' expects at least one object. [C:/Users/Student/Desktop/ceng2010/ceng2010_lab2_q1/ceng2010_lab2_q1.srcs/constrs_1/new/ceng2010_lab2_q1.xdc:117]
Resolution: If [get_<value>] was used to populate the object, check to make sure this command returns at least one valid object.
WARNING: [Vivado 12-584] No ports matched 'an[3]'. [C:/Users/Student/Desktop/ceng2010/ceng2010_lab2_q1/ceng2010_lab2_q1.srcs/constrs_1/new/ceng2010_lab2_q1.xdc:118]
CRITICAL WARNING: [Common 17-55] 'set_property' expects at least one object. [C:/Users/Student/Desktop/ceng2010/ceng2010_lab2_q1/ceng2010_lab2_q1.srcs/constrs_1/new/ceng2010_lab2_q1.xdc:118]
Resolution: If [get_<value>] was used to populate the object, check to make sure this command returns at least one valid object.
WARNING: [Vivado 12-584] No ports matched 'an[3]'. [C:/Users/Student/Desktop/ceng2010/ceng2010_lab2_q1/ceng2010_lab2_q1.srcs/constrs_1/new/ceng2010_lab2_q1.xdc:119]
CRITICAL WARNING: [Common 17-55] 'set_property' expects at least one object. [C:/Users/Student/Desktop/ceng2010/ceng2010_lab2_q1/ceng2010_lab2_q1.srcs/constrs_1/new/ceng2010_lab2_q1.xdc:119]
Resolution: If [get_<value>] was used to populate the object, check to make sure this command returns at least one valid object.
WARNING: [Vivado 12-584] No ports matched 'btnC'. [C:/Users/Student/Desktop/ceng2010/ceng2010_lab2_q1/ceng2010_lab2_q1.srcs/constrs_1/new/ceng2010_lab2_q1.xdc:123]
CRITICAL WARNING: [Common 17-55] 'set_property' expects at least one object. [C:/Users/Student/Desktop/ceng2010/ceng2010_lab2_q1/ceng2010_lab2_q1.srcs/constrs_1/new/ceng2010_lab2_q1.xdc:123]
Resolution: If [get_<value>] was used to populate the object, check to make sure this command returns at least one valid object.
WARNING: [Vivado 12-584] No ports matched 'btnC'. [C:/Users/Student/Desktop/ceng2010/ceng2010_lab2_q1/ceng2010_lab2_q1.srcs/constrs_1/new/ceng2010_lab2_q1.xdc:124]
CRITICAL WARNING: [Common 17-55] 'set_property' expects at least one object. [C:/Users/Student/Desktop/ceng2010/ceng2010_lab2_q1/ceng2010_lab2_q1.srcs/constrs_1/new/ceng2010_lab2_q1.xdc:124]
Resolution: If [get_<value>] was used to populate the object, check to make sure this command returns at least one valid object.
WARNING: [Vivado 12-584] No ports matched 'btnD'. [C:/Users/Student/Desktop/ceng2010/ceng2010_lab2_q1/ceng2010_lab2_q1.srcs/constrs_1/new/ceng2010_lab2_q1.xdc:131]
CRITICAL WARNING: [Common 17-55] 'set_property' expects at least one object. [C:/Users/Student/Desktop/ceng2010/ceng2010_lab2_q1/ceng2010_lab2_q1.srcs/constrs_1/new/ceng2010_lab2_q1.xdc:131]
Resolution: If [get_<value>] was used to populate the object, check to make sure this command returns at least one valid object.
WARNING: [Vivado 12-584] No ports matched 'btnD'. [C:/Users/Student/Desktop/ceng2010/ceng2010_lab2_q1/ceng2010_lab2_q1.srcs/constrs_1/new/ceng2010_lab2_q1.xdc:132]
CRITICAL WARNING: [Common 17-55] 'set_property' expects at least one object. [C:/Users/Student/Desktop/ceng2010/ceng2010_lab2_q1/ceng2010_lab2_q1.srcs/constrs_1/new/ceng2010_lab2_q1.xdc:132]
Resolution: If [get_<value>] was used to populate the object, check to make sure this command returns at least one valid object.
Finished Parsing XDC File [C:/Users/Student/Desktop/ceng2010/ceng2010_lab2_q1/ceng2010_lab2_q1.srcs/constrs_1/new/ceng2010_lab2_q1.xdc]
INFO: [Project 1-236] Implementation specific constraints were found while reading constraint file [C:/Users/Student/Desktop/ceng2010/ceng2010_lab2_q1/ceng2010_lab2_q1.srcs/constrs_1/new/ceng2010_lab2_q1.xdc]. These constraints will be ignored for synthesis but will be used in implementation. Impacted constraints are listed in the file [.Xil/ceng2010_lab2_q1_propImpl.xdc].
Resolution: To avoid this warning, move constraints listed in [.Xil/ceng2010_lab2_q1_propImpl.xdc] to another XDC file and exclude this new file from synthesis with the used_in_synthesis property (File Properties dialog in GUI) and re-run elaboration/synthesis.
Completed Processing XDC Constraints

Netlist sorting complete. Time (s): cpu = 00:00:00 ; elapsed = 00:00:00 . Memory (MB): peak = 1420.691 ; gain = 0.000
INFO: [Project 1-111] Unisim Transformation Summary:
No Unisim elements were transformed.

Constraint Validation Runtime : Time (s): cpu = 00:00:00 ; elapsed = 00:00:00.001 . Memory (MB): peak = 1420.691 ; gain = 0.000
---------------------------------------------------------------------------------
Finished Constraint Validation : Time (s): cpu = 00:00:07 ; elapsed = 00:00:08 . Memory (MB): peak = 1420.691 ; gain = 560.500
---------------------------------------------------------------------------------
---------------------------------------------------------------------------------
Start Loading Part and Timing Information
---------------------------------------------------------------------------------
Loading part: xc7a35tcpg236-1
---------------------------------------------------------------------------------
Finished Loading Part and Timing Information : Time (s): cpu = 00:00:07 ; elapsed = 00:00:08 . Memory (MB): peak = 1420.691 ; gain = 560.500
---------------------------------------------------------------------------------
---------------------------------------------------------------------------------
Start Applying 'set_property' XDC Constraints
---------------------------------------------------------------------------------
---------------------------------------------------------------------------------
Finished applying 'set_property' XDC Constraints : Time (s): cpu = 00:00:07 ; elapsed = 00:00:08 . Memory (MB): peak = 1420.691 ; gain = 560.500
---------------------------------------------------------------------------------
---------------------------------------------------------------------------------
Finished RTL Optimization Phase 2 : Time (s): cpu = 00:00:07 ; elapsed = 00:00:08 . Memory (MB): peak = 1420.691 ; gain = 560.500
---------------------------------------------------------------------------------
---------------------------------------------------------------------------------
Start RTL Component Statistics 
---------------------------------------------------------------------------------
Detailed RTL Component Info : 
+---Muxes : 
	   2 Input    1 Bit        Muxes := 3     
---------------------------------------------------------------------------------
Finished RTL Component Statistics 
---------------------------------------------------------------------------------
---------------------------------------------------------------------------------
Start Part Resource Summary
---------------------------------------------------------------------------------
Part Resources:
DSPs: 90 (col length:60)
BRAMs: 100 (col length: RAMB18 60 RAMB36 30)
---------------------------------------------------------------------------------
Finished Part Resource Summary
---------------------------------------------------------------------------------
---------------------------------------------------------------------------------
Start Cross Boundary and Area Optimization
---------------------------------------------------------------------------------
WARNING: [Synth 8-7080] Parallel synthesis criteria is not met
---------------------------------------------------------------------------------
Finished Cross Boundary and Area Optimization : Time (s): cpu = 00:00:08 ; elapsed = 00:00:09 . Memory (MB): peak = 1420.691 ; gain = 560.500
---------------------------------------------------------------------------------
---------------------------------------------------------------------------------
Start Applying XDC Timing Constraints
---------------------------------------------------------------------------------
---------------------------------------------------------------------------------
Finished Applying XDC Timing Constraints : Time (s): cpu = 00:00:11 ; elapsed = 00:00:12 . Memory (MB): peak = 1420.691 ; gain = 560.500
---------------------------------------------------------------------------------
---------------------------------------------------------------------------------
Start Timing Optimization
---------------------------------------------------------------------------------
---------------------------------------------------------------------------------
Finished Timing Optimization : Time (s): cpu = 00:00:11 ; elapsed = 00:00:12 . Memory (MB): peak = 1420.691 ; gain = 560.500
---------------------------------------------------------------------------------
---------------------------------------------------------------------------------
Start Technology Mapping
---------------------------------------------------------------------------------
---------------------------------------------------------------------------------
Finished Technology Mapping : Time (s): cpu = 00:00:11 ; elapsed = 00:00:12 . Memory (MB): peak = 1420.691 ; gain = 560.500
---------------------------------------------------------------------------------
---------------------------------------------------------------------------------
Start IO Insertion
---------------------------------------------------------------------------------
---------------------------------------------------------------------------------
Start Flattening Before IO Insertion
---------------------------------------------------------------------------------
---------------------------------------------------------------------------------
Finished Flattening Before IO Insertion
---------------------------------------------------------------------------------
---------------------------------------------------------------------------------
Start Final Netlist Cleanup
---------------------------------------------------------------------------------
---------------------------------------------------------------------------------
Finished Final Netlist Cleanup
---------------------------------------------------------------------------------
---------------------------------------------------------------------------------
Finished IO Insertion : Time (s): cpu = 00:00:13 ; elapsed = 00:00:14 . Memory (MB): peak = 1420.691 ; gain = 560.500
---------------------------------------------------------------------------------
---------------------------------------------------------------------------------
Start Renaming Generated Instances
---------------------------------------------------------------------------------
---------------------------------------------------------------------------------
Finished Renaming Generated Instances : Time (s): cpu = 00:00:13 ; elapsed = 00:00:14 . Memory (MB): peak = 1420.691 ; gain = 560.500
---------------------------------------------------------------------------------
---------------------------------------------------------------------------------
Start Rebuilding User Hierarchy
---------------------------------------------------------------------------------
---------------------------------------------------------------------------------
Finished Rebuilding User Hierarchy : Time (s): cpu = 00:00:13 ; elapsed = 00:00:14 . Memory (MB): peak = 1420.691 ; gain = 560.500
---------------------------------------------------------------------------------
---------------------------------------------------------------------------------
Start Renaming Generated Ports
---------------------------------------------------------------------------------
---------------------------------------------------------------------------------
Finished Renaming Generated Ports : Time (s): cpu = 00:00:13 ; elapsed = 00:00:14 . Memory (MB): peak = 1420.691 ; gain = 560.500
---------------------------------------------------------------------------------
---------------------------------------------------------------------------------
Start Handling Custom Attributes
---------------------------------------------------------------------------------
---------------------------------------------------------------------------------
Finished Handling Custom Attributes : Time (s): cpu = 00:00:13 ; elapsed = 00:00:14 . Memory (MB): peak = 1420.691 ; gain = 560.500
---------------------------------------------------------------------------------
---------------------------------------------------------------------------------
Start Renaming Generated Nets
---------------------------------------------------------------------------------
---------------------------------------------------------------------------------
Finished Renaming Generated Nets : Time (s): cpu = 00:00:13 ; elapsed = 00:00:14 . Memory (MB): peak = 1420.691 ; gain = 560.500
---------------------------------------------------------------------------------
---------------------------------------------------------------------------------
Start Writing Synthesis Report
---------------------------------------------------------------------------------

Report BlackBoxes: 
+-+--------------+----------+
| |BlackBox name |Instances |
+-+--------------+----------+
+-+--------------+----------+

Report Cell Usage: 
+------+-----+------+
|      |Cell |Count |
+------+-----+------+
|1     |LUT6 |     1|
|2     |IBUF |     6|
|3     |OBUF |     1|
+------+-----+------+
---------------------------------------------------------------------------------
Finished Writing Synthesis Report : Time (s): cpu = 00:00:13 ; elapsed = 00:00:14 . Memory (MB): peak = 1420.691 ; gain = 560.500
---------------------------------------------------------------------------------
Synthesis finished with 0 errors, 0 critical warnings and 1 warnings.
Synthesis Optimization Runtime : Time (s): cpu = 00:00:09 ; elapsed = 00:00:14 . Memory (MB): peak = 1420.691 ; gain = 500.582
Synthesis Optimization Complete : Time (s): cpu = 00:00:13 ; elapsed = 00:00:15 . Memory (MB): peak = 1420.691 ; gain = 560.500
INFO: [Project 1-571] Translating synthesized netlist
Netlist sorting complete. Time (s): cpu = 00:00:00 ; elapsed = 00:00:00 . Memory (MB): peak = 1420.691 ; gain = 0.000
INFO: [Project 1-570] Preparing netlist for logic optimization
INFO: [Opt 31-138] Pushed 0 inverter(s) to 0 load pin(s).
Netlist sorting complete. Time (s): cpu = 00:00:00 ; elapsed = 00:00:00 . Memory (MB): peak = 1420.691 ; gain = 0.000
INFO: [Project 1-111] Unisim Transformation Summary:
No Unisim elements were transformed.

Synth Design complete | Checksum: 8427cd09
INFO: [Common 17-83] Releasing license: Synthesis
15 Infos, 54 Warnings, 54 Critical Warnings and 0 Errors encountered.
synth_design completed successfully
synth_design: Time (s): cpu = 00:00:16 ; elapsed = 00:00:18 . Memory (MB): peak = 1420.691 ; gain = 962.102
INFO: [runtcl-6] Synthesis results are not added to the cache due to CRITICAL_WARNING
INFO: [Common 17-1381] The checkpoint 'C:/Users/Student/Desktop/ceng2010/ceng2010_lab2_q1/ceng2010_lab2_q1.runs/synth_1/ceng2010_lab2_q1.dcp' has been generated.
INFO: [runtcl-4] Executing : report_utilization -file ceng2010_lab2_q1_utilization_synth.rpt -pb ceng2010_lab2_q1_utilization_synth.pb
INFO: [Common 17-206] Exiting Vivado at Mon Sep 18 17:08:00 2023...
