
*** Running vivado
    with args -log ceng2010_hw1_q1.vds -m64 -product Vivado -mode batch -messageDb vivado.pb -notrace -source ceng2010_hw1_q1.tcl


ECHO 已關閉。
ECHO 已關閉。

****** Vivado v2023.1.1 (64-bit)
  **** SW Build 3900603 on Fri Jun 16 19:31:24 MDT 2023
  **** IP Build 3900379 on Sat Jun 17 05:28:05 MDT 2023
  **** SharedData Build 3899622 on Fri Jun 16 03:34:24 MDT 2023
    ** Copyright 1986-2022 Xilinx, Inc. All Rights Reserved.
    ** Copyright 2022-2023 Advanced Micro Devices, Inc. All Rights Reserved.

source ceng2010_hw1_q1.tcl -notrace
create_project: Time (s): cpu = 00:00:07 ; elapsed = 00:00:07 . Memory (MB): peak = 449.156 ; gain = 163.926
Command: read_checkpoint -auto_incremental -incremental G:/Users/yui/CENG2010/ceng2010_hw1_q1/ceng2010_hw1_q1.srcs/utils_1/imports/synth_1/ceng2010_hw1_q1.dcp
INFO: [Vivado 12-5825] Read reference checkpoint from G:/Users/yui/CENG2010/ceng2010_hw1_q1/ceng2010_hw1_q1.srcs/utils_1/imports/synth_1/ceng2010_hw1_q1.dcp for incremental synthesis
INFO: [Vivado 12-7989] Please ensure there are no constraint changes
Command: synth_design -top ceng2010_hw1_q1 -part xc7a35tcpg236-1
Starting synth_design
Attempting to get a license for feature 'Synthesis' and/or device 'xc7a35t'
INFO: [Common 17-349] Got license for feature 'Synthesis' and/or device 'xc7a35t'
INFO: [Device 21-403] Loading part xc7a35tcpg236-1
INFO: [Designutils 20-5440] No compile time benefit to using incremental synthesis; A full resynthesis will be run
INFO: [Designutils 20-4379] Flow is switching to default flow due to incremental criteria not met. If you would like to alter this behaviour and have the flow terminate instead, please set the following parameter config_implementation {autoIncr.Synth.RejectBehavior Terminate}
INFO: [Synth 8-7079] Multithreading enabled for synth_design using a maximum of 2 processes.
INFO: [Synth 8-7078] Launching helper process for spawning children vivado processes
INFO: [Synth 8-7075] Helper process launched with PID 16040
---------------------------------------------------------------------------------
Starting RTL Elaboration : Time (s): cpu = 00:00:07 ; elapsed = 00:00:07 . Memory (MB): peak = 1266.758 ; gain = 410.504
---------------------------------------------------------------------------------
INFO: [Synth 8-638] synthesizing module 'ceng2010_hw1_q1' [G:/Users/yui/CENG2010/ceng2010_hw1_q1/ceng2010_hw1_q1.srcs/sources_1/new/ceng2010_hw1_q1.vhd:45]
	Parameter N bound to: 50000 - type: integer 
INFO: [Synth 8-3491] module 'clk_div' declared at 'G:/Users/yui/CENG2010/ceng2010_hw1_q1/ceng2010_hw1_q1.srcs/sources_1/new/clk_div.vhd:34' bound to instance 'u_clk1000Hz' of component 'clk_div' [G:/Users/yui/CENG2010/ceng2010_hw1_q1/ceng2010_hw1_q1.srcs/sources_1/new/ceng2010_hw1_q1.vhd:59]
INFO: [Synth 8-638] synthesizing module 'clk_div' [G:/Users/yui/CENG2010/ceng2010_hw1_q1/ceng2010_hw1_q1.srcs/sources_1/new/clk_div.vhd:43]
	Parameter N bound to: 50000 - type: integer 
INFO: [Synth 8-256] done synthesizing module 'clk_div' (0#1) [G:/Users/yui/CENG2010/ceng2010_hw1_q1/ceng2010_hw1_q1.srcs/sources_1/new/clk_div.vhd:43]
	Parameter N bound to: 10000000 - type: integer 
INFO: [Synth 8-3491] module 'clk_div' declared at 'G:/Users/yui/CENG2010/ceng2010_hw1_q1/ceng2010_hw1_q1.srcs/sources_1/new/clk_div.vhd:34' bound to instance 'u_clk5Hz' of component 'clk_div' [G:/Users/yui/CENG2010/ceng2010_hw1_q1/ceng2010_hw1_q1.srcs/sources_1/new/ceng2010_hw1_q1.vhd:60]
INFO: [Synth 8-638] synthesizing module 'clk_div__parameterized1' [G:/Users/yui/CENG2010/ceng2010_hw1_q1/ceng2010_hw1_q1.srcs/sources_1/new/clk_div.vhd:43]
	Parameter N bound to: 10000000 - type: integer 
INFO: [Synth 8-256] done synthesizing module 'clk_div__parameterized1' (0#1) [G:/Users/yui/CENG2010/ceng2010_hw1_q1/ceng2010_hw1_q1.srcs/sources_1/new/clk_div.vhd:43]
INFO: [Synth 8-256] done synthesizing module 'ceng2010_hw1_q1' (0#1) [G:/Users/yui/CENG2010/ceng2010_hw1_q1/ceng2010_hw1_q1.srcs/sources_1/new/ceng2010_hw1_q1.vhd:45]
WARNING: [Synth 8-3917] design ceng2010_hw1_q1 has port dp driven by constant 1
---------------------------------------------------------------------------------
Finished RTL Elaboration : Time (s): cpu = 00:00:09 ; elapsed = 00:00:10 . Memory (MB): peak = 1357.461 ; gain = 501.207
---------------------------------------------------------------------------------
---------------------------------------------------------------------------------
Start Handling Custom Attributes
---------------------------------------------------------------------------------
---------------------------------------------------------------------------------
Finished Handling Custom Attributes : Time (s): cpu = 00:00:09 ; elapsed = 00:00:10 . Memory (MB): peak = 1357.461 ; gain = 501.207
---------------------------------------------------------------------------------
---------------------------------------------------------------------------------
Finished RTL Optimization Phase 1 : Time (s): cpu = 00:00:09 ; elapsed = 00:00:10 . Memory (MB): peak = 1357.461 ; gain = 501.207
---------------------------------------------------------------------------------
Netlist sorting complete. Time (s): cpu = 00:00:00 ; elapsed = 00:00:00.006 . Memory (MB): peak = 1357.461 ; gain = 0.000
INFO: [Project 1-570] Preparing netlist for logic optimization

Processing XDC Constraints
Initializing timing engine
Parsing XDC File [G:/Users/yui/CENG2010/ceng2010_hw1_q1/ceng2010_hw1_q1.srcs/constrs_1/new/ceng2010_hw1_q1.xdc]
CRITICAL WARNING: [Netlist 29-177] Cannot set property 'BITSTREAM.General.UnconstraintedPins' because the property does not exist. [G:/Users/yui/CENG2010/ceng2010_hw1_q1/ceng2010_hw1_q1.srcs/constrs_1/new/ceng2010_hw1_q1.xdc:12]
Resolution: Create this property using create_property command before setting it.
WARNING: [Vivado 12-507] No nets matched 'led_OBUF[0]'. [G:/Users/yui/CENG2010/ceng2010_hw1_q1/ceng2010_hw1_q1.srcs/constrs_1/new/ceng2010_hw1_q1.xdc:14]
CRITICAL WARNING: [Common 17-55] 'set_property' expects at least one object. [G:/Users/yui/CENG2010/ceng2010_hw1_q1/ceng2010_hw1_q1.srcs/constrs_1/new/ceng2010_hw1_q1.xdc:14]
Resolution: If [get_<value>] was used to populate the object, check to make sure this command returns at least one valid object.
WARNING: [Vivado 12-507] No nets matched 'led_OBUF[1]'. [G:/Users/yui/CENG2010/ceng2010_hw1_q1/ceng2010_hw1_q1.srcs/constrs_1/new/ceng2010_hw1_q1.xdc:15]
CRITICAL WARNING: [Common 17-55] 'set_property' expects at least one object. [G:/Users/yui/CENG2010/ceng2010_hw1_q1/ceng2010_hw1_q1.srcs/constrs_1/new/ceng2010_hw1_q1.xdc:15]
Resolution: If [get_<value>] was used to populate the object, check to make sure this command returns at least one valid object.
WARNING: [Vivado 12-507] No nets matched 'btnC_IBUF'. [G:/Users/yui/CENG2010/ceng2010_hw1_q1/ceng2010_hw1_q1.srcs/constrs_1/new/ceng2010_hw1_q1.xdc:17]
CRITICAL WARNING: [Common 17-55] 'set_property' expects at least one object. [G:/Users/yui/CENG2010/ceng2010_hw1_q1/ceng2010_hw1_q1.srcs/constrs_1/new/ceng2010_hw1_q1.xdc:17]
Resolution: If [get_<value>] was used to populate the object, check to make sure this command returns at least one valid object.
WARNING: [Vivado 12-507] No nets matched 'sw_IBUF[0]'. [G:/Users/yui/CENG2010/ceng2010_hw1_q1/ceng2010_hw1_q1.srcs/constrs_1/new/ceng2010_hw1_q1.xdc:18]
CRITICAL WARNING: [Common 17-55] 'set_property' expects at least one object. [G:/Users/yui/CENG2010/ceng2010_hw1_q1/ceng2010_hw1_q1.srcs/constrs_1/new/ceng2010_hw1_q1.xdc:18]
Resolution: If [get_<value>] was used to populate the object, check to make sure this command returns at least one valid object.
WARNING: [Vivado 12-507] No nets matched 'sw_IBUF[1]'. [G:/Users/yui/CENG2010/ceng2010_hw1_q1/ceng2010_hw1_q1.srcs/constrs_1/new/ceng2010_hw1_q1.xdc:19]
CRITICAL WARNING: [Common 17-55] 'set_property' expects at least one object. [G:/Users/yui/CENG2010/ceng2010_hw1_q1/ceng2010_hw1_q1.srcs/constrs_1/new/ceng2010_hw1_q1.xdc:19]
Resolution: If [get_<value>] was used to populate the object, check to make sure this command returns at least one valid object.
WARNING: [Vivado 12-507] No nets matched 'sw_IBUF[2]'. [G:/Users/yui/CENG2010/ceng2010_hw1_q1/ceng2010_hw1_q1.srcs/constrs_1/new/ceng2010_hw1_q1.xdc:20]
CRITICAL WARNING: [Common 17-55] 'set_property' expects at least one object. [G:/Users/yui/CENG2010/ceng2010_hw1_q1/ceng2010_hw1_q1.srcs/constrs_1/new/ceng2010_hw1_q1.xdc:20]
Resolution: If [get_<value>] was used to populate the object, check to make sure this command returns at least one valid object.
WARNING: [Vivado 12-507] No nets matched 'sw_IBUF[3]'. [G:/Users/yui/CENG2010/ceng2010_hw1_q1/ceng2010_hw1_q1.srcs/constrs_1/new/ceng2010_hw1_q1.xdc:21]
CRITICAL WARNING: [Common 17-55] 'set_property' expects at least one object. [G:/Users/yui/CENG2010/ceng2010_hw1_q1/ceng2010_hw1_q1.srcs/constrs_1/new/ceng2010_hw1_q1.xdc:21]
Resolution: If [get_<value>] was used to populate the object, check to make sure this command returns at least one valid object.
WARNING: [Vivado 12-584] No ports matched 'sw[0]'. [G:/Users/yui/CENG2010/ceng2010_hw1_q1/ceng2010_hw1_q1.srcs/constrs_1/new/ceng2010_hw1_q1.xdc:24]
CRITICAL WARNING: [Common 17-55] 'set_property' expects at least one object. [G:/Users/yui/CENG2010/ceng2010_hw1_q1/ceng2010_hw1_q1.srcs/constrs_1/new/ceng2010_hw1_q1.xdc:24]
Resolution: If [get_<value>] was used to populate the object, check to make sure this command returns at least one valid object.
WARNING: [Vivado 12-584] No ports matched 'sw[0]'. [G:/Users/yui/CENG2010/ceng2010_hw1_q1/ceng2010_hw1_q1.srcs/constrs_1/new/ceng2010_hw1_q1.xdc:25]
CRITICAL WARNING: [Common 17-55] 'set_property' expects at least one object. [G:/Users/yui/CENG2010/ceng2010_hw1_q1/ceng2010_hw1_q1.srcs/constrs_1/new/ceng2010_hw1_q1.xdc:25]
Resolution: If [get_<value>] was used to populate the object, check to make sure this command returns at least one valid object.
WARNING: [Vivado 12-584] No ports matched 'sw[1]'. [G:/Users/yui/CENG2010/ceng2010_hw1_q1/ceng2010_hw1_q1.srcs/constrs_1/new/ceng2010_hw1_q1.xdc:26]
CRITICAL WARNING: [Common 17-55] 'set_property' expects at least one object. [G:/Users/yui/CENG2010/ceng2010_hw1_q1/ceng2010_hw1_q1.srcs/constrs_1/new/ceng2010_hw1_q1.xdc:26]
Resolution: If [get_<value>] was used to populate the object, check to make sure this command returns at least one valid object.
WARNING: [Vivado 12-584] No ports matched 'sw[1]'. [G:/Users/yui/CENG2010/ceng2010_hw1_q1/ceng2010_hw1_q1.srcs/constrs_1/new/ceng2010_hw1_q1.xdc:27]
CRITICAL WARNING: [Common 17-55] 'set_property' expects at least one object. [G:/Users/yui/CENG2010/ceng2010_hw1_q1/ceng2010_hw1_q1.srcs/constrs_1/new/ceng2010_hw1_q1.xdc:27]
Resolution: If [get_<value>] was used to populate the object, check to make sure this command returns at least one valid object.
WARNING: [Vivado 12-584] No ports matched 'sw[2]'. [G:/Users/yui/CENG2010/ceng2010_hw1_q1/ceng2010_hw1_q1.srcs/constrs_1/new/ceng2010_hw1_q1.xdc:28]
CRITICAL WARNING: [Common 17-55] 'set_property' expects at least one object. [G:/Users/yui/CENG2010/ceng2010_hw1_q1/ceng2010_hw1_q1.srcs/constrs_1/new/ceng2010_hw1_q1.xdc:28]
Resolution: If [get_<value>] was used to populate the object, check to make sure this command returns at least one valid object.
WARNING: [Vivado 12-584] No ports matched 'sw[2]'. [G:/Users/yui/CENG2010/ceng2010_hw1_q1/ceng2010_hw1_q1.srcs/constrs_1/new/ceng2010_hw1_q1.xdc:29]
CRITICAL WARNING: [Common 17-55] 'set_property' expects at least one object. [G:/Users/yui/CENG2010/ceng2010_hw1_q1/ceng2010_hw1_q1.srcs/constrs_1/new/ceng2010_hw1_q1.xdc:29]
Resolution: If [get_<value>] was used to populate the object, check to make sure this command returns at least one valid object.
WARNING: [Vivado 12-584] No ports matched 'sw[3]'. [G:/Users/yui/CENG2010/ceng2010_hw1_q1/ceng2010_hw1_q1.srcs/constrs_1/new/ceng2010_hw1_q1.xdc:30]
CRITICAL WARNING: [Common 17-55] 'set_property' expects at least one object. [G:/Users/yui/CENG2010/ceng2010_hw1_q1/ceng2010_hw1_q1.srcs/constrs_1/new/ceng2010_hw1_q1.xdc:30]
Resolution: If [get_<value>] was used to populate the object, check to make sure this command returns at least one valid object.
WARNING: [Vivado 12-584] No ports matched 'sw[3]'. [G:/Users/yui/CENG2010/ceng2010_hw1_q1/ceng2010_hw1_q1.srcs/constrs_1/new/ceng2010_hw1_q1.xdc:31]
CRITICAL WARNING: [Common 17-55] 'set_property' expects at least one object. [G:/Users/yui/CENG2010/ceng2010_hw1_q1/ceng2010_hw1_q1.srcs/constrs_1/new/ceng2010_hw1_q1.xdc:31]
Resolution: If [get_<value>] was used to populate the object, check to make sure this command returns at least one valid object.
WARNING: [Vivado 12-584] No ports matched 'sw[4]'. [G:/Users/yui/CENG2010/ceng2010_hw1_q1/ceng2010_hw1_q1.srcs/constrs_1/new/ceng2010_hw1_q1.xdc:32]
CRITICAL WARNING: [Common 17-55] 'set_property' expects at least one object. [G:/Users/yui/CENG2010/ceng2010_hw1_q1/ceng2010_hw1_q1.srcs/constrs_1/new/ceng2010_hw1_q1.xdc:32]
Resolution: If [get_<value>] was used to populate the object, check to make sure this command returns at least one valid object.
WARNING: [Vivado 12-584] No ports matched 'sw[4]'. [G:/Users/yui/CENG2010/ceng2010_hw1_q1/ceng2010_hw1_q1.srcs/constrs_1/new/ceng2010_hw1_q1.xdc:33]
CRITICAL WARNING: [Common 17-55] 'set_property' expects at least one object. [G:/Users/yui/CENG2010/ceng2010_hw1_q1/ceng2010_hw1_q1.srcs/constrs_1/new/ceng2010_hw1_q1.xdc:33]
Resolution: If [get_<value>] was used to populate the object, check to make sure this command returns at least one valid object.
WARNING: [Vivado 12-584] No ports matched 'sw[5]'. [G:/Users/yui/CENG2010/ceng2010_hw1_q1/ceng2010_hw1_q1.srcs/constrs_1/new/ceng2010_hw1_q1.xdc:34]
CRITICAL WARNING: [Common 17-55] 'set_property' expects at least one object. [G:/Users/yui/CENG2010/ceng2010_hw1_q1/ceng2010_hw1_q1.srcs/constrs_1/new/ceng2010_hw1_q1.xdc:34]
Resolution: If [get_<value>] was used to populate the object, check to make sure this command returns at least one valid object.
WARNING: [Vivado 12-584] No ports matched 'sw[5]'. [G:/Users/yui/CENG2010/ceng2010_hw1_q1/ceng2010_hw1_q1.srcs/constrs_1/new/ceng2010_hw1_q1.xdc:35]
CRITICAL WARNING: [Common 17-55] 'set_property' expects at least one object. [G:/Users/yui/CENG2010/ceng2010_hw1_q1/ceng2010_hw1_q1.srcs/constrs_1/new/ceng2010_hw1_q1.xdc:35]
Resolution: If [get_<value>] was used to populate the object, check to make sure this command returns at least one valid object.
WARNING: [Vivado 12-584] No ports matched 'sw[6]'. [G:/Users/yui/CENG2010/ceng2010_hw1_q1/ceng2010_hw1_q1.srcs/constrs_1/new/ceng2010_hw1_q1.xdc:36]
CRITICAL WARNING: [Common 17-55] 'set_property' expects at least one object. [G:/Users/yui/CENG2010/ceng2010_hw1_q1/ceng2010_hw1_q1.srcs/constrs_1/new/ceng2010_hw1_q1.xdc:36]
Resolution: If [get_<value>] was used to populate the object, check to make sure this command returns at least one valid object.
WARNING: [Vivado 12-584] No ports matched 'sw[6]'. [G:/Users/yui/CENG2010/ceng2010_hw1_q1/ceng2010_hw1_q1.srcs/constrs_1/new/ceng2010_hw1_q1.xdc:37]
CRITICAL WARNING: [Common 17-55] 'set_property' expects at least one object. [G:/Users/yui/CENG2010/ceng2010_hw1_q1/ceng2010_hw1_q1.srcs/constrs_1/new/ceng2010_hw1_q1.xdc:37]
Resolution: If [get_<value>] was used to populate the object, check to make sure this command returns at least one valid object.
WARNING: [Vivado 12-584] No ports matched 'sw[7]'. [G:/Users/yui/CENG2010/ceng2010_hw1_q1/ceng2010_hw1_q1.srcs/constrs_1/new/ceng2010_hw1_q1.xdc:38]
CRITICAL WARNING: [Common 17-55] 'set_property' expects at least one object. [G:/Users/yui/CENG2010/ceng2010_hw1_q1/ceng2010_hw1_q1.srcs/constrs_1/new/ceng2010_hw1_q1.xdc:38]
Resolution: If [get_<value>] was used to populate the object, check to make sure this command returns at least one valid object.
WARNING: [Vivado 12-584] No ports matched 'sw[7]'. [G:/Users/yui/CENG2010/ceng2010_hw1_q1/ceng2010_hw1_q1.srcs/constrs_1/new/ceng2010_hw1_q1.xdc:39]
CRITICAL WARNING: [Common 17-55] 'set_property' expects at least one object. [G:/Users/yui/CENG2010/ceng2010_hw1_q1/ceng2010_hw1_q1.srcs/constrs_1/new/ceng2010_hw1_q1.xdc:39]
Resolution: If [get_<value>] was used to populate the object, check to make sure this command returns at least one valid object.
WARNING: [Vivado 12-584] No ports matched 'led[0]'. [G:/Users/yui/CENG2010/ceng2010_hw1_q1/ceng2010_hw1_q1.srcs/constrs_1/new/ceng2010_hw1_q1.xdc:59]
CRITICAL WARNING: [Common 17-55] 'set_property' expects at least one object. [G:/Users/yui/CENG2010/ceng2010_hw1_q1/ceng2010_hw1_q1.srcs/constrs_1/new/ceng2010_hw1_q1.xdc:59]
Resolution: If [get_<value>] was used to populate the object, check to make sure this command returns at least one valid object.
WARNING: [Vivado 12-584] No ports matched 'led[0]'. [G:/Users/yui/CENG2010/ceng2010_hw1_q1/ceng2010_hw1_q1.srcs/constrs_1/new/ceng2010_hw1_q1.xdc:60]
CRITICAL WARNING: [Common 17-55] 'set_property' expects at least one object. [G:/Users/yui/CENG2010/ceng2010_hw1_q1/ceng2010_hw1_q1.srcs/constrs_1/new/ceng2010_hw1_q1.xdc:60]
Resolution: If [get_<value>] was used to populate the object, check to make sure this command returns at least one valid object.
WARNING: [Vivado 12-584] No ports matched 'led[1]'. [G:/Users/yui/CENG2010/ceng2010_hw1_q1/ceng2010_hw1_q1.srcs/constrs_1/new/ceng2010_hw1_q1.xdc:61]
CRITICAL WARNING: [Common 17-55] 'set_property' expects at least one object. [G:/Users/yui/CENG2010/ceng2010_hw1_q1/ceng2010_hw1_q1.srcs/constrs_1/new/ceng2010_hw1_q1.xdc:61]
Resolution: If [get_<value>] was used to populate the object, check to make sure this command returns at least one valid object.
WARNING: [Vivado 12-584] No ports matched 'led[1]'. [G:/Users/yui/CENG2010/ceng2010_hw1_q1/ceng2010_hw1_q1.srcs/constrs_1/new/ceng2010_hw1_q1.xdc:62]
CRITICAL WARNING: [Common 17-55] 'set_property' expects at least one object. [G:/Users/yui/CENG2010/ceng2010_hw1_q1/ceng2010_hw1_q1.srcs/constrs_1/new/ceng2010_hw1_q1.xdc:62]
Resolution: If [get_<value>] was used to populate the object, check to make sure this command returns at least one valid object.
WARNING: [Vivado 12-584] No ports matched 'led[2]'. [G:/Users/yui/CENG2010/ceng2010_hw1_q1/ceng2010_hw1_q1.srcs/constrs_1/new/ceng2010_hw1_q1.xdc:63]
CRITICAL WARNING: [Common 17-55] 'set_property' expects at least one object. [G:/Users/yui/CENG2010/ceng2010_hw1_q1/ceng2010_hw1_q1.srcs/constrs_1/new/ceng2010_hw1_q1.xdc:63]
Resolution: If [get_<value>] was used to populate the object, check to make sure this command returns at least one valid object.
WARNING: [Vivado 12-584] No ports matched 'led[2]'. [G:/Users/yui/CENG2010/ceng2010_hw1_q1/ceng2010_hw1_q1.srcs/constrs_1/new/ceng2010_hw1_q1.xdc:64]
CRITICAL WARNING: [Common 17-55] 'set_property' expects at least one object. [G:/Users/yui/CENG2010/ceng2010_hw1_q1/ceng2010_hw1_q1.srcs/constrs_1/new/ceng2010_hw1_q1.xdc:64]
Resolution: If [get_<value>] was used to populate the object, check to make sure this command returns at least one valid object.
WARNING: [Vivado 12-584] No ports matched 'led[3]'. [G:/Users/yui/CENG2010/ceng2010_hw1_q1/ceng2010_hw1_q1.srcs/constrs_1/new/ceng2010_hw1_q1.xdc:65]
CRITICAL WARNING: [Common 17-55] 'set_property' expects at least one object. [G:/Users/yui/CENG2010/ceng2010_hw1_q1/ceng2010_hw1_q1.srcs/constrs_1/new/ceng2010_hw1_q1.xdc:65]
Resolution: If [get_<value>] was used to populate the object, check to make sure this command returns at least one valid object.
WARNING: [Vivado 12-584] No ports matched 'led[3]'. [G:/Users/yui/CENG2010/ceng2010_hw1_q1/ceng2010_hw1_q1.srcs/constrs_1/new/ceng2010_hw1_q1.xdc:66]
CRITICAL WARNING: [Common 17-55] 'set_property' expects at least one object. [G:/Users/yui/CENG2010/ceng2010_hw1_q1/ceng2010_hw1_q1.srcs/constrs_1/new/ceng2010_hw1_q1.xdc:66]
Resolution: If [get_<value>] was used to populate the object, check to make sure this command returns at least one valid object.
WARNING: [Vivado 12-584] No ports matched 'led[4]'. [G:/Users/yui/CENG2010/ceng2010_hw1_q1/ceng2010_hw1_q1.srcs/constrs_1/new/ceng2010_hw1_q1.xdc:67]
CRITICAL WARNING: [Common 17-55] 'set_property' expects at least one object. [G:/Users/yui/CENG2010/ceng2010_hw1_q1/ceng2010_hw1_q1.srcs/constrs_1/new/ceng2010_hw1_q1.xdc:67]
Resolution: If [get_<value>] was used to populate the object, check to make sure this command returns at least one valid object.
WARNING: [Vivado 12-584] No ports matched 'led[4]'. [G:/Users/yui/CENG2010/ceng2010_hw1_q1/ceng2010_hw1_q1.srcs/constrs_1/new/ceng2010_hw1_q1.xdc:68]
CRITICAL WARNING: [Common 17-55] 'set_property' expects at least one object. [G:/Users/yui/CENG2010/ceng2010_hw1_q1/ceng2010_hw1_q1.srcs/constrs_1/new/ceng2010_hw1_q1.xdc:68]
Resolution: If [get_<value>] was used to populate the object, check to make sure this command returns at least one valid object.
WARNING: [Vivado 12-584] No ports matched 'led[5]'. [G:/Users/yui/CENG2010/ceng2010_hw1_q1/ceng2010_hw1_q1.srcs/constrs_1/new/ceng2010_hw1_q1.xdc:69]
CRITICAL WARNING: [Common 17-55] 'set_property' expects at least one object. [G:/Users/yui/CENG2010/ceng2010_hw1_q1/ceng2010_hw1_q1.srcs/constrs_1/new/ceng2010_hw1_q1.xdc:69]
Resolution: If [get_<value>] was used to populate the object, check to make sure this command returns at least one valid object.
WARNING: [Vivado 12-584] No ports matched 'led[5]'. [G:/Users/yui/CENG2010/ceng2010_hw1_q1/ceng2010_hw1_q1.srcs/constrs_1/new/ceng2010_hw1_q1.xdc:70]
CRITICAL WARNING: [Common 17-55] 'set_property' expects at least one object. [G:/Users/yui/CENG2010/ceng2010_hw1_q1/ceng2010_hw1_q1.srcs/constrs_1/new/ceng2010_hw1_q1.xdc:70]
Resolution: If [get_<value>] was used to populate the object, check to make sure this command returns at least one valid object.
WARNING: [Vivado 12-584] No ports matched 'led[6]'. [G:/Users/yui/CENG2010/ceng2010_hw1_q1/ceng2010_hw1_q1.srcs/constrs_1/new/ceng2010_hw1_q1.xdc:71]
CRITICAL WARNING: [Common 17-55] 'set_property' expects at least one object. [G:/Users/yui/CENG2010/ceng2010_hw1_q1/ceng2010_hw1_q1.srcs/constrs_1/new/ceng2010_hw1_q1.xdc:71]
Resolution: If [get_<value>] was used to populate the object, check to make sure this command returns at least one valid object.
WARNING: [Vivado 12-584] No ports matched 'led[6]'. [G:/Users/yui/CENG2010/ceng2010_hw1_q1/ceng2010_hw1_q1.srcs/constrs_1/new/ceng2010_hw1_q1.xdc:72]
CRITICAL WARNING: [Common 17-55] 'set_property' expects at least one object. [G:/Users/yui/CENG2010/ceng2010_hw1_q1/ceng2010_hw1_q1.srcs/constrs_1/new/ceng2010_hw1_q1.xdc:72]
Resolution: If [get_<value>] was used to populate the object, check to make sure this command returns at least one valid object.
WARNING: [Vivado 12-584] No ports matched 'led[7]'. [G:/Users/yui/CENG2010/ceng2010_hw1_q1/ceng2010_hw1_q1.srcs/constrs_1/new/ceng2010_hw1_q1.xdc:73]
CRITICAL WARNING: [Common 17-55] 'set_property' expects at least one object. [G:/Users/yui/CENG2010/ceng2010_hw1_q1/ceng2010_hw1_q1.srcs/constrs_1/new/ceng2010_hw1_q1.xdc:73]
Resolution: If [get_<value>] was used to populate the object, check to make sure this command returns at least one valid object.
WARNING: [Vivado 12-584] No ports matched 'led[7]'. [G:/Users/yui/CENG2010/ceng2010_hw1_q1/ceng2010_hw1_q1.srcs/constrs_1/new/ceng2010_hw1_q1.xdc:74]
CRITICAL WARNING: [Common 17-55] 'set_property' expects at least one object. [G:/Users/yui/CENG2010/ceng2010_hw1_q1/ceng2010_hw1_q1.srcs/constrs_1/new/ceng2010_hw1_q1.xdc:74]
Resolution: If [get_<value>] was used to populate the object, check to make sure this command returns at least one valid object.
WARNING: [Vivado 12-584] No ports matched 'btnD'. [G:/Users/yui/CENG2010/ceng2010_hw1_q1/ceng2010_hw1_q1.srcs/constrs_1/new/ceng2010_hw1_q1.xdc:131]
CRITICAL WARNING: [Common 17-55] 'set_property' expects at least one object. [G:/Users/yui/CENG2010/ceng2010_hw1_q1/ceng2010_hw1_q1.srcs/constrs_1/new/ceng2010_hw1_q1.xdc:131]
Resolution: If [get_<value>] was used to populate the object, check to make sure this command returns at least one valid object.
WARNING: [Vivado 12-584] No ports matched 'btnD'. [G:/Users/yui/CENG2010/ceng2010_hw1_q1/ceng2010_hw1_q1.srcs/constrs_1/new/ceng2010_hw1_q1.xdc:132]
CRITICAL WARNING: [Common 17-55] 'set_property' expects at least one object. [G:/Users/yui/CENG2010/ceng2010_hw1_q1/ceng2010_hw1_q1.srcs/constrs_1/new/ceng2010_hw1_q1.xdc:132]
Resolution: If [get_<value>] was used to populate the object, check to make sure this command returns at least one valid object.
Finished Parsing XDC File [G:/Users/yui/CENG2010/ceng2010_hw1_q1/ceng2010_hw1_q1.srcs/constrs_1/new/ceng2010_hw1_q1.xdc]
INFO: [Project 1-236] Implementation specific constraints were found while reading constraint file [G:/Users/yui/CENG2010/ceng2010_hw1_q1/ceng2010_hw1_q1.srcs/constrs_1/new/ceng2010_hw1_q1.xdc]. These constraints will be ignored for synthesis but will be used in implementation. Impacted constraints are listed in the file [.Xil/ceng2010_hw1_q1_propImpl.xdc].
Resolution: To avoid this warning, move constraints listed in [.Xil/ceng2010_hw1_q1_propImpl.xdc] to another XDC file and exclude this new file from synthesis with the used_in_synthesis property (File Properties dialog in GUI) and re-run elaboration/synthesis.
Completed Processing XDC Constraints

Netlist sorting complete. Time (s): cpu = 00:00:00 ; elapsed = 00:00:00 . Memory (MB): peak = 1410.605 ; gain = 0.000
INFO: [Project 1-111] Unisim Transformation Summary:
No Unisim elements were transformed.

Constraint Validation Runtime : Time (s): cpu = 00:00:00 ; elapsed = 00:00:00.004 . Memory (MB): peak = 1410.605 ; gain = 0.000
INFO: [Designutils 20-5440] No compile time benefit to using incremental synthesis; A full resynthesis will be run
INFO: [Designutils 20-4379] Flow is switching to default flow due to incremental criteria not met. If you would like to alter this behaviour and have the flow terminate instead, please set the following parameter config_implementation {autoIncr.Synth.RejectBehavior Terminate}
---------------------------------------------------------------------------------
Finished Constraint Validation : Time (s): cpu = 00:00:18 ; elapsed = 00:00:19 . Memory (MB): peak = 1410.605 ; gain = 554.352
---------------------------------------------------------------------------------
---------------------------------------------------------------------------------
Start Loading Part and Timing Information
---------------------------------------------------------------------------------
Loading part: xc7a35tcpg236-1
---------------------------------------------------------------------------------
Finished Loading Part and Timing Information : Time (s): cpu = 00:00:18 ; elapsed = 00:00:19 . Memory (MB): peak = 1410.605 ; gain = 554.352
---------------------------------------------------------------------------------
---------------------------------------------------------------------------------
Start Applying 'set_property' XDC Constraints
---------------------------------------------------------------------------------
---------------------------------------------------------------------------------
Finished applying 'set_property' XDC Constraints : Time (s): cpu = 00:00:18 ; elapsed = 00:00:19 . Memory (MB): peak = 1410.605 ; gain = 554.352
---------------------------------------------------------------------------------
WARNING: [Synth 8-327] inferring latch for variable 'digitD_reg' [G:/Users/yui/CENG2010/ceng2010_hw1_q1/ceng2010_hw1_q1.srcs/sources_1/new/ceng2010_hw1_q1.vhd:68]
WARNING: [Synth 8-327] inferring latch for variable 'digitC_reg' [G:/Users/yui/CENG2010/ceng2010_hw1_q1/ceng2010_hw1_q1.srcs/sources_1/new/ceng2010_hw1_q1.vhd:67]
WARNING: [Synth 8-327] inferring latch for variable 'digitB_reg' [G:/Users/yui/CENG2010/ceng2010_hw1_q1/ceng2010_hw1_q1.srcs/sources_1/new/ceng2010_hw1_q1.vhd:66]
WARNING: [Synth 8-327] inferring latch for variable 'digitA_reg' [G:/Users/yui/CENG2010/ceng2010_hw1_q1/ceng2010_hw1_q1.srcs/sources_1/new/ceng2010_hw1_q1.vhd:65]
---------------------------------------------------------------------------------
Finished RTL Optimization Phase 2 : Time (s): cpu = 00:00:19 ; elapsed = 00:00:20 . Memory (MB): peak = 1410.605 ; gain = 554.352
---------------------------------------------------------------------------------
---------------------------------------------------------------------------------
Start RTL Component Statistics 
---------------------------------------------------------------------------------
Detailed RTL Component Info : 
+---Adders : 
	   2 Input   32 Bit       Adders := 3     
	   2 Input    3 Bit       Adders := 2     
+---Registers : 
	               32 Bit    Registers := 3     
	                7 Bit    Registers := 1     
	                4 Bit    Registers := 1     
	                1 Bit    Registers := 2     
+---Muxes : 
	   2 Input   32 Bit        Muxes := 3     
	   4 Input    7 Bit        Muxes := 5     
	   2 Input    7 Bit        Muxes := 5     
	   2 Input    4 Bit        Muxes := 2     
	   4 Input    4 Bit        Muxes := 1     
	   2 Input    1 Bit        Muxes := 2     
	   4 Input    1 Bit        Muxes := 1     
---------------------------------------------------------------------------------
Finished RTL Component Statistics 
---------------------------------------------------------------------------------
---------------------------------------------------------------------------------
Start Part Resource Summary
---------------------------------------------------------------------------------
Part Resources:
DSPs: 90 (col length:60)
BRAMs: 100 (col length: RAMB18 60 RAMB36 30)
---------------------------------------------------------------------------------
Finished Part Resource Summary
---------------------------------------------------------------------------------
---------------------------------------------------------------------------------
Start Cross Boundary and Area Optimization
---------------------------------------------------------------------------------
WARNING: [Synth 8-7080] Parallel synthesis criteria is not met
WARNING: [Synth 8-3917] design ceng2010_hw1_q1 has port dp driven by constant 1
WARNING: [Synth 8-3332] Sequential element (digitD_reg[1]) is unused and will be removed from module ceng2010_hw1_q1.
---------------------------------------------------------------------------------
Finished Cross Boundary and Area Optimization : Time (s): cpu = 00:00:22 ; elapsed = 00:00:23 . Memory (MB): peak = 1410.605 ; gain = 554.352
---------------------------------------------------------------------------------
---------------------------------------------------------------------------------
Start Applying XDC Timing Constraints
---------------------------------------------------------------------------------
---------------------------------------------------------------------------------
Finished Applying XDC Timing Constraints : Time (s): cpu = 00:00:28 ; elapsed = 00:00:29 . Memory (MB): peak = 1410.605 ; gain = 554.352
---------------------------------------------------------------------------------
---------------------------------------------------------------------------------
Start Timing Optimization
---------------------------------------------------------------------------------
---------------------------------------------------------------------------------
Finished Timing Optimization : Time (s): cpu = 00:00:28 ; elapsed = 00:00:29 . Memory (MB): peak = 1410.605 ; gain = 554.352
---------------------------------------------------------------------------------
---------------------------------------------------------------------------------
Start Technology Mapping
---------------------------------------------------------------------------------
---------------------------------------------------------------------------------
Finished Technology Mapping : Time (s): cpu = 00:00:28 ; elapsed = 00:00:29 . Memory (MB): peak = 1410.605 ; gain = 554.352
---------------------------------------------------------------------------------
---------------------------------------------------------------------------------
Start IO Insertion
---------------------------------------------------------------------------------
---------------------------------------------------------------------------------
Start Flattening Before IO Insertion
---------------------------------------------------------------------------------
---------------------------------------------------------------------------------
Finished Flattening Before IO Insertion
---------------------------------------------------------------------------------
---------------------------------------------------------------------------------
Start Final Netlist Cleanup
---------------------------------------------------------------------------------
---------------------------------------------------------------------------------
Finished Final Netlist Cleanup
---------------------------------------------------------------------------------
---------------------------------------------------------------------------------
Finished IO Insertion : Time (s): cpu = 00:00:34 ; elapsed = 00:00:35 . Memory (MB): peak = 1410.605 ; gain = 554.352
---------------------------------------------------------------------------------
---------------------------------------------------------------------------------
Start Renaming Generated Instances
---------------------------------------------------------------------------------
---------------------------------------------------------------------------------
Finished Renaming Generated Instances : Time (s): cpu = 00:00:34 ; elapsed = 00:00:35 . Memory (MB): peak = 1410.605 ; gain = 554.352
---------------------------------------------------------------------------------
---------------------------------------------------------------------------------
Start Rebuilding User Hierarchy
---------------------------------------------------------------------------------
---------------------------------------------------------------------------------
Finished Rebuilding User Hierarchy : Time (s): cpu = 00:00:34 ; elapsed = 00:00:35 . Memory (MB): peak = 1410.605 ; gain = 554.352
---------------------------------------------------------------------------------
---------------------------------------------------------------------------------
Start Renaming Generated Ports
---------------------------------------------------------------------------------
---------------------------------------------------------------------------------
Finished Renaming Generated Ports : Time (s): cpu = 00:00:34 ; elapsed = 00:00:35 . Memory (MB): peak = 1410.605 ; gain = 554.352
---------------------------------------------------------------------------------
---------------------------------------------------------------------------------
Start Handling Custom Attributes
---------------------------------------------------------------------------------
---------------------------------------------------------------------------------
Finished Handling Custom Attributes : Time (s): cpu = 00:00:34 ; elapsed = 00:00:35 . Memory (MB): peak = 1410.605 ; gain = 554.352
---------------------------------------------------------------------------------
---------------------------------------------------------------------------------
Start Renaming Generated Nets
---------------------------------------------------------------------------------
---------------------------------------------------------------------------------
Finished Renaming Generated Nets : Time (s): cpu = 00:00:34 ; elapsed = 00:00:35 . Memory (MB): peak = 1410.605 ; gain = 554.352
---------------------------------------------------------------------------------
---------------------------------------------------------------------------------
Start Writing Synthesis Report
---------------------------------------------------------------------------------

Report BlackBoxes: 
+-+--------------+----------+
| |BlackBox name |Instances |
+-+--------------+----------+
+-+--------------+----------+

Report Cell Usage: 
+------+-------+------+
|      |Cell   |Count |
+------+-------+------+
|1     |BUFG   |     2|
|2     |CARRY4 |    24|
|3     |LUT1   |    36|
|4     |LUT2   |    47|
|5     |LUT3   |     2|
|6     |LUT4   |    11|
|7     |LUT5   |     5|
|8     |LUT6   |    18|
|9     |FDRE   |   109|
|10    |LD     |    10|
|11    |IBUF   |     4|
|12    |OBUF   |    12|
+------+-------+------+
---------------------------------------------------------------------------------
Finished Writing Synthesis Report : Time (s): cpu = 00:00:34 ; elapsed = 00:00:35 . Memory (MB): peak = 1410.605 ; gain = 554.352
---------------------------------------------------------------------------------
Synthesis finished with 0 errors, 0 critical warnings and 7 warnings.
Synthesis Optimization Runtime : Time (s): cpu = 00:00:23 ; elapsed = 00:00:34 . Memory (MB): peak = 1410.605 ; gain = 501.207
Synthesis Optimization Complete : Time (s): cpu = 00:00:34 ; elapsed = 00:00:36 . Memory (MB): peak = 1410.605 ; gain = 554.352
INFO: [Project 1-571] Translating synthesized netlist
Netlist sorting complete. Time (s): cpu = 00:00:00 ; elapsed = 00:00:00.004 . Memory (MB): peak = 1410.605 ; gain = 0.000
INFO: [Netlist 29-17] Analyzing 34 Unisim elements for replacement
INFO: [Netlist 29-28] Unisim Transformation completed in 0 CPU seconds
INFO: [Project 1-570] Preparing netlist for logic optimization
INFO: [Opt 31-138] Pushed 0 inverter(s) to 0 load pin(s).
Netlist sorting complete. Time (s): cpu = 00:00:00 ; elapsed = 00:00:00 . Memory (MB): peak = 1410.605 ; gain = 0.000
INFO: [Project 1-111] Unisim Transformation Summary:
  A total of 10 instances were transformed.
  LD => LDCE: 10 instances

Synth Design complete | Checksum: 102e0d01
INFO: [Common 17-83] Releasing license: Synthesis
29 Infos, 49 Warnings, 42 Critical Warnings and 0 Errors encountered.
synth_design completed successfully
synth_design: Time (s): cpu = 00:00:40 ; elapsed = 00:00:41 . Memory (MB): peak = 1410.605 ; gain = 933.492
INFO: [runtcl-6] Synthesis results are not added to the cache due to CRITICAL_WARNING
INFO: [Common 17-1381] The checkpoint 'G:/Users/yui/CENG2010/ceng2010_hw1_q1/ceng2010_hw1_q1.runs/synth_1/ceng2010_hw1_q1.dcp' has been generated.
INFO: [runtcl-4] Executing : report_utilization -file ceng2010_hw1_q1_utilization_synth.rpt -pb ceng2010_hw1_q1_utilization_synth.pb
INFO: [Common 17-206] Exiting Vivado at Wed Oct 25 01:49:07 2023...
